<?xml version="1.0" encoding="UTF-8"?>
<testsuite name="After be arranged..." tests="3" skipped="1" failures="0" errors="0" timestamp="2021-08-20T03:06:06" hostname="Air-de-Emanuel" time="0.04">
  <properties/>
  <testcase name="should be possible to stay in the same order that was inserted in the shelf" classname="bookstoread.BookShelfSpec$WasArranged" time="0.028"/>
  <testcase name="should be possible to arrange by book title" classname="bookstoread.BookShelfSpec$WasArranged" time="0.001">
    <skipped/>
  </testcase>
  <testcase name="should be possible to arrange in the reverse order that was inserted in the shelf" classname="bookstoread.BookShelfSpec$WasArranged" time="0.004"/>
  <system-out><![CDATA[]]></system-out>
  <system-err><![CDATA[]]></system-err>
</testsuite>
