<?xml version="1.0" encoding="UTF-8"?>
<testsuite name="Should be empty..." tests="2" skipped="0" failures="0" errors="0" timestamp="2021-08-20T03:06:06" hostname="Air-de-Emanuel" time="0.007">
  <properties/>
  <testcase name="when no book was added to it" classname="bookstoread.BookShelfSpec$IsEmpty" time="0.005"/>
  <testcase name="when was not passed any books in the method call" classname="bookstoread.BookShelfSpec$IsEmpty" time="0.0"/>
  <system-out><![CDATA[]]></system-out>
  <system-err><![CDATA[]]></system-err>
</testsuite>
